2023-07-24 02:52:17.332 [34mINFO [0;39m [35m990 [0;39m --- [main] [, ] [36mo.s.b.w.e.t.TomcatWebServer[0;39m : Tomcat initialized with port(s): 18087 (http)
2023-07-24 02:52:17.413 [34mINFO [0;39m [35m1071[0;39m --- [main] [, ] [36mo.s.b.w.s.c.ServletWebServerApplicationContext[0;39m : Root WebApplicationContext: initialization completed in 565 ms
2023-07-24 02:52:17.597 [34mINFO [0;39m [35m1255[0;39m --- [main] [, ] [36mo.s.b.w.e.t.TomcatWebServer[0;39m : Tomcat started on port(s): 18087 (http) with context path ''
2023-07-24 02:53:09.858 [34mINFO [0;39m [35m53516[0;39m --- [http-nio-18087-exec-1] [, ] [36mo.s.w.s.DispatcherServlet[0;39m : Initializing Servlet 'dispatcherServlet'
2023-07-24 02:53:09.861 [34mINFO [0;39m [35m53519[0;39m --- [http-nio-18087-exec-1] [, ] [36mo.s.w.s.DispatcherServlet[0;39m : Completed initialization in 3 ms
2023-07-24 03:12:45.382 [34mINFO [0;39m [35m936 [0;39m --- [main] [, ] [36mo.s.b.w.e.t.TomcatWebServer[0;39m : Tomcat initialized with port(s): 18087 (http)
2023-07-24 03:12:45.446 [34mINFO [0;39m [35m1000[0;39m --- [main] [, ] [36mo.s.b.w.s.c.ServletWebServerApplicationContext[0;39m : Root WebApplicationContext: initialization completed in 536 ms
2023-07-24 03:12:45.642 [34mINFO [0;39m [35m1196[0;39m --- [main] [, ] [36mo.s.b.w.e.t.TomcatWebServer[0;39m : Tomcat started on port(s): 18087 (http) with context path ''
2023-07-24 03:18:40.639 [34mINFO [0;39m [35m2200[0;39m --- [main] [, ] [36mo.s.b.w.e.t.TomcatWebServer[0;39m : Tomcat initialized with port(s): 18087 (http)
2023-07-24 03:18:40.699 [34mINFO [0;39m [35m2260[0;39m --- [main] [, ] [36mo.s.b.w.s.c.ServletWebServerApplicationContext[0;39m : Root WebApplicationContext: initialization completed in 684 ms
2023-07-24 03:18:40.978 [34mINFO [0;39m [35m2539[0;39m --- [main] [, ] [36mo.s.b.w.e.t.TomcatWebServer[0;39m : Tomcat started on port(s): 18087 (http) with context path ''
2023-07-24 03:19:30.369 [34mINFO [0;39m [35m51930[0;39m --- [http-nio-18087-exec-1] [, ] [36mo.s.w.s.DispatcherServlet[0;39m : Initializing Servlet 'dispatcherServlet'
2023-07-24 03:19:30.372 [34mINFO [0;39m [35m51933[0;39m --- [http-nio-18087-exec-1] [, ] [36mo.s.w.s.DispatcherServlet[0;39m : Completed initialization in 2 ms
2023-07-24 03:20:16.866 [34mINFO [0;39m [35m1355[0;39m --- [main] [, ] [36mo.s.b.w.e.t.TomcatWebServer[0;39m : Tomcat initialized with port(s): 18087 (http)
2023-07-24 03:20:16.944 [34mINFO [0;39m [35m1433[0;39m --- [main] [, ] [36mo.s.b.w.s.c.ServletWebServerApplicationContext[0;39m : Root WebApplicationContext: initialization completed in 756 ms
2023-07-24 03:20:17.192 [34mINFO [0;39m [35m1681[0;39m --- [main] [, ] [36mo.s.b.w.e.t.TomcatWebServer[0;39m : Tomcat started on port(s): 18087 (http) with context path ''
2023-07-24 03:20:20.012 [34mINFO [0;39m [35m4501[0;39m --- [http-nio-18087-exec-1] [, ] [36mo.s.w.s.DispatcherServlet[0;39m : Initializing Servlet 'dispatcherServlet'
2023-07-24 03:20:20.014 [34mINFO [0;39m [35m4503[0;39m --- [http-nio-18087-exec-1] [, ] [36mo.s.w.s.DispatcherServlet[0;39m : Completed initialization in 2 ms
2023-07-24 03:21:12.930 [34mINFO [0;39m [35m872 [0;39m --- [main] [, ] [36mo.s.b.w.e.t.TomcatWebServer[0;39m : Tomcat initialized with port(s): 18087 (http)
2023-07-24 03:21:12.982 [34mINFO [0;39m [35m924 [0;39m --- [main] [, ] [36mo.s.b.w.s.c.ServletWebServerApplicationContext[0;39m : Root WebApplicationContext: initialization completed in 513 ms
2023-07-24 03:21:13.248 [34mINFO [0;39m [35m1190[0;39m --- [main] [, ] [36mo.s.b.w.e.t.TomcatWebServer[0;39m : Tomcat started on port(s): 18087 (http) with context path ''
2023-07-24 03:21:16.040 [34mINFO [0;39m [35m3982[0;39m --- [http-nio-18087-exec-1] [, ] [36mo.s.w.s.DispatcherServlet[0;39m : Initializing Servlet 'dispatcherServlet'
2023-07-24 03:21:16.041 [34mINFO [0;39m [35m3983[0;39m --- [http-nio-18087-exec-1] [, ] [36mo.s.w.s.DispatcherServlet[0;39m : Completed initialization in 1 ms
2023-07-24 03:22:32.201 [34mINFO [0;39m [35m893 [0;39m --- [main] [, ] [36mo.s.b.w.e.t.TomcatWebServer[0;39m : Tomcat initialized with port(s): 18087 (http)
2023-07-24 03:22:32.253 [34mINFO [0;39m [35m945 [0;39m --- [main] [, ] [36mo.s.b.w.s.c.ServletWebServerApplicationContext[0;39m : Root WebApplicationContext: initialization completed in 506 ms
2023-07-24 03:22:32.453 [34mINFO [0;39m [35m1145[0;39m --- [main] [, ] [36mo.s.b.w.e.t.TomcatWebServer[0;39m : Tomcat started on port(s): 18087 (http) with context path ''
2023-07-24 03:22:42.843 [34mINFO [0;39m [35m11535[0;39m --- [http-nio-18087-exec-1] [, ] [36mo.s.w.s.DispatcherServlet[0;39m : Initializing Servlet 'dispatcherServlet'
2023-07-24 03:22:42.845 [34mINFO [0;39m [35m11537[0;39m --- [http-nio-18087-exec-1] [, ] [36mo.s.w.s.DispatcherServlet[0;39m : Completed initialization in 2 ms
2023-07-24 03:30:52.328 [34mINFO [0;39m [35m1406[0;39m --- [main] [, ] [36mo.s.b.w.e.t.TomcatWebServer[0;39m : Tomcat initialized with port(s): 18087 (http)
2023-07-24 03:30:52.426 [34mINFO [0;39m [35m1504[0;39m --- [main] [, ] [36mo.s.b.w.s.c.ServletWebServerApplicationContext[0;39m : Root WebApplicationContext: initialization completed in 762 ms
2023-07-24 03:30:52.703 [34mINFO [0;39m [35m1781[0;39m --- [main] [, ] [36mo.s.b.w.e.t.TomcatWebServer[0;39m : Tomcat started on port(s): 18087 (http) with context path ''
2023-07-24 03:31:44.783 [34mINFO [0;39m [35m53861[0;39m --- [http-nio-18087-exec-1] [, ] [36mo.s.w.s.DispatcherServlet[0;39m : Initializing Servlet 'dispatcherServlet'
2023-07-24 03:31:44.785 [34mINFO [0;39m [35m53863[0;39m --- [http-nio-18087-exec-1] [, ] [36mo.s.w.s.DispatcherServlet[0;39m : Completed initialization in 2 ms
2023-07-24 03:32:10.654 [34mINFO [0;39m [35m1004[0;39m --- [main] [, ] [36mo.s.b.w.e.t.TomcatWebServer[0;39m : Tomcat initialized with port(s): 18087 (http)
2023-07-24 03:32:10.707 [34mINFO [0;39m [35m1057[0;39m --- [main] [, ] [36mo.s.b.w.s.c.ServletWebServerApplicationContext[0;39m : Root WebApplicationContext: initialization completed in 584 ms
2023-07-24 03:32:10.906 [34mINFO [0;39m [35m1256[0;39m --- [main] [, ] [36mo.s.b.w.e.t.TomcatWebServer[0;39m : Tomcat started on port(s): 18087 (http) with context path ''
2023-07-24 03:32:16.504 [34mINFO [0;39m [35m6854[0;39m --- [http-nio-18087-exec-1] [, ] [36mo.s.w.s.DispatcherServlet[0;39m : Initializing Servlet 'dispatcherServlet'
2023-07-24 03:32:16.509 [34mINFO [0;39m [35m6859[0;39m --- [http-nio-18087-exec-1] [, ] [36mo.s.w.s.DispatcherServlet[0;39m : Completed initialization in 2 ms
